build/app/outputs/mapping/release/mapping.txt
# compiler: R8
# compiler_version: 1.5.64
# min_api: 21
# pg_map_id: 8672070
com.example.sih.MainActivity -> com.example.sih.MainActivity:
    void configureFlutterEngine(io.flutter.embedding.engine.FlutterEngine) -> b
...
androidx.fragment.app.FragmentActivity$HostCallbacks -> androidx.fragment.app.d$a:
    androidx.fragment.app.FragmentActivity this$0 -> g
    androidx.lifecycle.Lifecycle getLifecycle() -> a
    void onAttachFragment(androidx.fragment.app.Fragment) -> a
    void onDump(java.lang.String,java.io.FileDescriptor,java.io.PrintWriter,java.lang.String[]) -> a
    android.view.View onFindViewById(int) -> a
    androidx.lifecycle.ViewModelStore getViewModelStore() -> b
    boolean onShouldSaveFragmentState(androidx.fragment.app.Fragment) -> b
    boolean onHasView() -> c
    androidx.activity.OnBackPressedDispatcher getOnBackPressedDispatcher() -> e
    androidx.fragment.app.FragmentActivity onGetHost() -> h
    java.lang.Object onGetHost() -> h
    android.view.LayoutInflater onGetLayoutInflater() -> i
    int onGetWindowAnimations() -> j
    boolean onHasWindowAnimations() -> k
    void onSupportInvalidateOptionsMenu() -> l
androidx.fragment.app.FragmentContainer -> androidx.fragment.app.e:
    androidx.fragment.app.Fragment instantiate(android.content.Context,java.lang.String,android.os.Bundle) -> a
    android.view.View onFindViewById(int) -> a
    boolean onHasView() -> c
androidx.fragment.app.FragmentController -> androidx.fragment.app.f:
    androidx.fragment.app.FragmentHostCallback mHost -> a
    void attachHost(androidx.fragment.app.Fragment) -> a
    androidx.fragment.app.FragmentController createController(androidx.fragment.app.FragmentHostCallback) -> a
    void dispatchActivityCreated() -> a
    void dispatchConfigurationChanged(android.content.res.Configuration) -> a
    boolean dispatchContextItemSelected(android.view.MenuItem) -> a
    boolean dispatchCreateOptionsMenu(android.view.Menu,android.view.MenuInflater) -> a
    void dispatchMultiWindowModeChanged(boolean) -> a
    void dispatchOptionsMenuClosed(android.view.Menu) -> a
    androidx.fragment.app.Fragment findFragmentByWho(java.lang.String) -> a
    android.view.View onCreateView(android.view.View,java.lang.String,android.content.Context,android.util.AttributeSet) -> a
    void restoreSaveState(android.os.Parcelable) -> a
    void dispatchCreate() -> b
    boolean dispatchOptionsItemSelected(android.view.MenuItem) -> b
    void dispatchPictureInPictureModeChanged(boolean) -> b
    boolean dispatchPrepareOptionsMenu(android.view.Menu) -> b
    void dispatchDestroy() -> c
    void dispatchLowMemory() -> d
    void dispatchPause() -> e
    void dispatchResume() -> f
    void dispatchStart() -> g
    void dispatchStop() -> h
    boolean execPendingActions() -> i
    androidx.fragment.app.FragmentManager getSupportFragmentManager() -> j
    void noteStateNotSaved() -> k
androidx.fragment.app.FragmentFactory -> androidx.fragment.app.g:
    androidx.collection.SimpleArrayMap sClassMap -> a
    androidx.fragment.app.Fragment instantiate(java.lang.ClassLoader,java.lang.String) -> a
    boolean isFragmentClass(java.lang.ClassLoader,java.lang.String) -> b
    java.lang.Class loadClass(java.lang.ClassLoader,java.lang.String) -> c
    java.lang.Class loadFragmentClass(java.lang.ClassLoader,java.lang.String) -> d